[I 2021-11-14T16:31:59.035Z main:store:plugins:activation-updater] Schedule refresh timeout(null).
[I 2021-11-14T16:31:59.047Z main:store:plugins:activation-updater] Schedule refresh timeout(null).
[I 2021-11-14T16:55:43.355Z snowbrush] Export image time: from 1636908943342 to 1636908943342.
[I 2021-11-14T17:01:12.030Z snowbrush] Export image time: from 1636909272029 to 1636909272029.
[I 2021-11-14T17:16:40.077Z snowbrush] Export image time: from 1636910200073 to 1636910200073.
[I 2021-11-14T17:16:50.043Z snowbrush] db write {
  'text/plain': 'NOTES\r\n' +
    '\t休息之前，看看下面的内容。\n' +
    '再不好好休息就给自己重重地来一把掌\r\n' +
    '\t只要你能保持突破，或者保持追求突破，你就是自己的神！\n' +
    '牢记使命，保持突破。\r\n' +
    '\t完全突破了昨日吗？没有就好好专心突破自己。\r\n' +
    '\t休息的时候就专心休息，不要搞这搞那。\n' +
    '休息的时候就专心休息，不要搞这搞那。\n' +
    '休息的时候就专心休息，不要搞这搞那。',
  'text/x-array-json': [ { data: [Object], xapPaths: [] } ],
  'text/x-type': 'branch',
  'text/x-other-object-json': {
    relationship: [],
    boundary: [],
    summary: [],
    sheetId: '870b64820698f12cdca4ab76e5'
  },
  xapInfoMap: {}
}
[I 2021-11-14T17:16:54.387Z snowbrush] Export image time: from 1636910214387 to 1636910214387.
[I 2021-11-14T17:23:20.731Z snowbrush] Export image time: from 1636910600719 to 1636910600719.
[I 2021-11-14T17:25:17.836Z snowbrush] Export image time: from 1636910717836 to 1636910717836.
[I 2021-11-15T01:10:55.110Z main:store:plugins:activation-updater] Schedule refresh timeout(null).
[I 2021-11-15T01:10:55.112Z main:store:plugins:activation-updater] Schedule refresh timeout(null).
[I 2021-11-15T01:16:54.742Z snowbrush] db write {
  'text/plain': 'Sun, 11-14 (>= 780 minutes, 13 hours)\r\n' +
    '\tRecords\r\n' +
    '\t\tLearning\r\n' +
    '\t\t\tAnki Review (60)\r\n' +
    '\t\t\t\t01HTML+CSS + 02JavaScript\r\n' +
    '\t\t\t\t\t26 old cards\r\n' +
    '\t\t\t\t\t52 old cards\r\n' +
    '\t\t\t\t\t8:10 to 8:35 (25 + 0 = 25)\r\n' +
    '\t\t\t\t03PC+JS+jQuery+Bootstrap\r\n' +
    '\t\t\t\t\t30 old cards\r\n' +
    '\t\t\t\t\t8:35 to 8:45 (B 10 + 0 = 10)\r\n' +
    '\t\t\t\t\t8:45 to 8:55 (10 + 25 = 35)\r\n' +
    '\t\t\t\t04git+ES6+nodeJS+...\r\n' +
    '\t\t\t\t\t69 old cards + 17 new cards\r\n' +
    '\t\t\t\t\t8:55 to 9:20 (25 + 35 = 60)\r\n' +
    '\t\t\t04git+ES6+nodeJS+http+npm+express+mongoDB\r\n' +
    '\t\t\t\t02ES6+nodeJS\r\n' +
    '\t\t\t\t\tDay47-20201104 (70)\r\n' +
    '\t\t\t\t\t\t1.5 hours\r\n' +
    '\t\t\t\t\t\t9:20 to 9:35 (B 15 + 10 = 25)\r\n' +
    '\t\t\t\t\t\t9:35 to 10:45 (70 + 60 = 130)\r\n' +
    '\t\t\t\t\tDay48-20201106 (210)\r\n' +
    '\t\t\t\t\t\t3.5 hours\r\n' +
    '\t\t\t\t\t\t10:45 to 11:15 (B 30 + 25 = 55)\r\n' +
    '\t\t\t\t\t\t11:15 to 12:40 (85 + 130 = 215)\r\n' +
    '\t\t\t\t\t\t12:40 to 13:00 (B 20 + 55 = 75)\r\n' +
    '\t\t\t\t\t\t13:00 to 14:40 (100 + 215 = 315)\r\n' +
    '\t\t\t\t\t\t14:40 to 15:20 (B 40 + 75 = 115)\r\n' +
    '\t\t\t\t\t\t15:20 to 15:45 (25 + 315 = 340)\r\n' +
    '\t\t\t\t\t\t\tAnki Review: 28 new cards\r\n' +
    '\t\t\t\t03http\r\n' +
    '\t\t\t\t\tDay49-20201107 (230)\r\n' +
    '\t\t\t\t\t\t3 hours\r\n' +
    '\t\t\t\t\t\t15:45 to 17:00 (75 + 340 = 415)\r\n' +
    '\t\t\t\t\t\t17:00 to 17:25 (B 25 + 115 = 140)\r\n' +
    '\t\t\t\t\t\t17:25 to 18:40 (75 + 415 = 490)\r\n' +
    '\t\t\t\t\t\t18:40 to 19:35 (B 55 + 140 = 195)\r\n' +
    '\t\t\t\t\t\t19:35 to 20:35 (60 + 490 = 550)\r\n' +
    '\t\t\t\t\t\t20:35 to 20:55 (B 20 + 195 = 215)\r\n' +
    '\t\t\t\t\t\t20:55 to 21:15 (20 + 550 = 570)\r\n' +
    '\t\t\t\t\t\t\tAnki Review\r\n' +
    '\t\t\t\t\tDay50-20201109 (170)\r\n' +
    '\t\t\t\t\t\t2.5 hours\r\n' +
    '\t\t\t\t\t\t21:15 to 22:55 (100 + 570 = 670)\r\n' +
    '\t\t\t\t\t\t22:55 to 23:45 (B 50 + 215 = 265)\r\n' +
    '\t\t\t\t\t\t23:45 to 0:55 (70 + 670 = 740)\r\n' +
    '\t\t\t\t\t\t0:55 to 1:15 (B 20 + 265 = 285)\r\n' +
    '\t\t\t\tNOTES\r\n' +
    '\t\t\t\t\t休息之前，看看下面的内容。\n' +
    '再不好好休息就给自己重重地来一把掌\r\n' +
    '\t\t\t\t\t只要你能保持突破，或者保持追求突破，你就是自己的神！\n' +
    '牢记使命，保持突破。\r\n' +
    '\t\t\t\t\t完全突破了昨日吗？没有就好好专心突破自己。\r\n' +
    '\t\t\t\t\t休息的时候就专心休息，不要搞这搞那。\n' +
    '休息的时候就专心休息，不要搞这搞那。\n' +
    '休息的时候就专心休息，不要搞这搞那。\r\n' +
    '\t\tSummary\r\n' +
    '\t\t\tTime\r\n' +
    '\t\t\t\t550 minutes in total\r\n' +
    '\t\t\t\tFrom\r\n' +
    '\t\t\t\t\t9:20\r\n' +
    '\t\t\t\tTo\r\n' +
    '\t\t\t\t\t23:35\r\n' +
    '\t\t\t总体来说你还可以做的更好，牢记自己的理想，专注、坚持、保持突破。\r\n' +
    '\tReflection\r\n' +
    '\t\tThoughts\r\n' +
    '\t\t\t拿出高中时的坚持、努力和毅力。再加上现在的自觉和认知。天下之大，哪里去不得？\r\n' +
    '\t\t\t最近又开始变得松懈了，事实证明不自由之后才有更多的自由。\r\n' +
    '\t\t\t松懈的一个重大原因就是你没有好好地量化计划、明确参考物。\r\n' +
    '\t\t\t\t以后总是以昨日为参考\r\n' +
    '\t\t\t\t以任务为导向，而不是时间\r\n' +
    '\t\t\t总体目标要宏大，当前目标要量化，要具体，要可行。\r\n' +
    '\t\t量化标准\r\n' +
    '\t\t\t最低目标\r\n' +
    '\t\t\t\t> 上周的平均值，当前累计的平均值\r\n' +
    '\t\t\t\t无论生病也好，必须超过上周的平均值',
  'text/x-array-json': [ { data: [Object], xapPaths: [] } ],
  'text/x-type': 'branch',
  'text/x-other-object-json': {
    relationship: [],
    boundary: [],
    summary: [],
    sheetId: '870b64820698f12cdca4ab76e5'
  },
  xapInfoMap: {}
}
[I 2021-11-15T01:18:08.428Z snowbrush] Export image time: from 1636939088427 to 1636939088428.
[I 2021-11-15T01:20:22.426Z snowbrush] Export image time: from 1636939222425 to 1636939222425.
[I 2021-11-15T01:21:21.342Z snowbrush] Export image time: from 1636939281342 to 1636939281342.
[I 2021-11-15T01:21:42.633Z snowbrush] db write {
  'text/plain': 'Sun, 11-14 (740 minutes, 12 hours)\r\n' +
    '\tRecords\r\n' +
    '\t\tLearning\r\n' +
    '\t\t\tAnki Review (60)\r\n' +
    '\t\t\t\t01HTML+CSS + 02JavaScript\r\n' +
    '\t\t\t\t\t26 old cards\r\n' +
    '\t\t\t\t\t52 old cards\r\n' +
    '\t\t\t\t\t8:10 to 8:35 (25 + 0 = 25)\r\n' +
    '\t\t\t\t03PC+JS+jQuery+Bootstrap\r\n' +
    '\t\t\t\t\t30 old cards\r\n' +
    '\t\t\t\t\t8:35 to 8:45 (B 10 + 0 = 10)\r\n' +
    '\t\t\t\t\t8:45 to 8:55 (10 + 25 = 35)\r\n' +
    '\t\t\t\t04git+ES6+nodeJS+...\r\n' +
    '\t\t\t\t\t69 old cards + 17 new cards\r\n' +
    '\t\t\t\t\t8:55 to 9:20 (25 + 35 = 60)\r\n' +
    '\t\t\t04git+ES6+nodeJS+http+npm+express+mongoDB\r\n' +
    '\t\t\t\t02ES6+nodeJS\r\n' +
    '\t\t\t\t\tDay47-20201104 (70)\r\n' +
    '\t\t\t\t\t\t1.5 hours\r\n' +
    '\t\t\t\t\t\t9:20 to 9:35 (B 15 + 10 = 25)\r\n' +
    '\t\t\t\t\t\t9:35 to 10:45 (70 + 60 = 130)\r\n' +
    '\t\t\t\t\tDay48-20201106 (210)\r\n' +
    '\t\t\t\t\t\t3.5 hours\r\n' +
    '\t\t\t\t\t\t10:45 to 11:15 (B 30 + 25 = 55)\r\n' +
    '\t\t\t\t\t\t11:15 to 12:40 (85 + 130 = 215)\r\n' +
    '\t\t\t\t\t\t12:40 to 13:00 (B 20 + 55 = 75)\r\n' +
    '\t\t\t\t\t\t13:00 to 14:40 (100 + 215 = 315)\r\n' +
    '\t\t\t\t\t\t14:40 to 15:20 (B 40 + 75 = 115)\r\n' +
    '\t\t\t\t\t\t15:20 to 15:45 (25 + 315 = 340)\r\n' +
    '\t\t\t\t\t\t\tAnki Review: 28 new cards\r\n' +
    '\t\t\t\t03http\r\n' +
    '\t\t\t\t\tDay49-20201107 (230)\r\n' +
    '\t\t\t\t\t\t3 hours\r\n' +
    '\t\t\t\t\t\t15:45 to 17:00 (75 + 340 = 415)\r\n' +
    '\t\t\t\t\t\t17:00 to 17:25 (B 25 + 115 = 140)\r\n' +
    '\t\t\t\t\t\t17:25 to 18:40 (75 + 415 = 490)\r\n' +
    '\t\t\t\t\t\t18:40 to 19:35 (B 55 + 140 = 195)\r\n' +
    '\t\t\t\t\t\t19:35 to 20:35 (60 + 490 = 550)\r\n' +
    '\t\t\t\t\t\t20:35 to 20:55 (B 20 + 195 = 215)\r\n' +
    '\t\t\t\t\t\t20:55 to 21:15 (20 + 550 = 570)\r\n' +
    '\t\t\t\t\t\t\tAnki Review\r\n' +
    '\t\t\t\t\tDay50-20201109 (170)\r\n' +
    '\t\t\t\t\t\t2.5 hours\r\n' +
    '\t\t\t\t\t\t21:15 to 22:55 (100 + 570 = 670)\r\n' +
    '\t\t\t\t\t\t22:55 to 23:45 (B 50 + 215 = 265)\r\n' +
    '\t\t\t\t\t\t23:45 to 0:55 (70 + 670 = 740)\r\n' +
    '\t\t\t\tNOTES\r\n' +
    '\t\t\t\t\t休息之前，看看下面的内容。\n' +
    '再不好好休息就给自己重重地来一把掌\r\n' +
    '\t\t\t\t\t只要你能保持突破，或者保持追求突破，你就是自己的神！\n' +
    '牢记使命，保持突破。\r\n' +
    '\t\t\t\t\t完全突破了昨日吗？没有就好好专心突破自己。\r\n' +
    '\t\t\t\t\t休息的时候就专心休息，不要搞这搞那。\n' +
    '休息的时候就专心休息，不要搞这搞那。\n' +
    '休息的时候就专心休息，不要搞这搞那。\r\n' +
    '\t\tSummary\r\n' +
    '\t\t\tTime\r\n' +
    '\t\t\t\t740 minutes in total\r\n' +
    '\t\t\t\tFrom\r\n' +
    '\t\t\t\t\t8:10\r\n' +
    '\t\t\t\tTo\r\n' +
    '\t\t\t\t\t0:55\r\n' +
    '\t\t\t总体来说你还可以做的更好，牢记自己的理想，专注、坚持、保持突破。\r\n' +
    '\t\t\t有一点小小的突破就自以为是了是吧？\n' +
    '开始熬夜玩手机了？\r\n' +
    '\t\t\t终有一天你会死去，你想想你闭眼的那一天，你不觉得时间短暂吗？你不认为自己需要不懈奋斗吗？这不符合你的核心动力吗？\r\n' +
    '\tReflection\r\n' +
    '\t\tThoughts\r\n' +
    '\t\t\t拿出高中时的坚持、努力和毅力。再加上现在的自觉和认知。天下之大，哪里去不得？\r\n' +
    '\t\t\t最近又开始变得松懈了，事实证明不自由之后才有更多的自由。\r\n' +
    '\t\t\t松懈的一个重大原因就是你没有好好地量化计划、明确参考物。\r\n' +
    '\t\t\t\t以后总是以昨日为参考\r\n' +
    '\t\t\t\t以任务为导向，而不是时间\r\n' +
    '\t\t\t总体目标要宏大，当前目标要量化，要具体，要可行。\r\n' +
    '\t\t量化标准\r\n' +
    '\t\t\t最低目标\r\n' +
    '\t\t\t\t> 上周的平均值，当前累计的平均值\r\n' +
    '\t\t\t\t无论生病也好，必须超过上周的平均值',
  'text/x-array-json': [ { data: [Object], xapPaths: [] } ],
  'text/x-type': 'branch',
  'text/x-other-object-json': {
    relationship: [],
    boundary: [],
    summary: [],
    sheetId: '870b64820698f12cdca4ab76e5'
  },
  xapInfoMap: {}
}
[I 2021-11-15T01:21:47.551Z snowbrush] Export image time: from 1636939307551 to 1636939307551.
[I 2021-11-15T01:22:33.864Z snowbrush] Export image time: from 1636939353864 to 1636939353864.
[I 2021-11-15T01:22:54.668Z snowbrush] Export image time: from 1636939374668 to 1636939374668.
[I 2021-11-15T01:24:22.658Z snowbrush] Export image time: from 1636939462657 to 1636939462658.
[I 2021-11-15T01:26:21.377Z snowbrush] Export image time: from 1636939581376 to 1636939581377.
[I 2021-11-15T01:26:52.084Z snowbrush] db write {
  'text/plain': 'NOTES\r\n' +
    '\tTODAY\r\n' +
    '\t\t专注和效率比累积时长重要的多。\r\n' +
    '\t\t每次休息不允许超过 15 分钟，一旦学习结束，立刻休息。\n' +
    '只能睡觉或者走动。\r\n' +
    '\t\t不允许上床玩手机，实在不想睡觉你就玩电脑。\r\n' +
    '\t只要你能保持突破，或者保持追求突破，你就是自己的神！\n' +
    '牢记使命，保持突破。\r\n' +
    '\t休息的时候就专心休息，不要搞这搞那。',
  'text/x-array-json': [ { data: [Object], xapPaths: [] } ],
  'text/x-type': 'branch',
  'text/x-other-object-json': {
    relationship: [],
    boundary: [],
    summary: [],
    sheetId: '870b64820698f12cdca4ab76e5'
  },
  xapInfoMap: {}
}
[I 2021-11-15T01:28:38.263Z snowbrush] db write {
  'text/plain': 'TODAY',
  'text/x-array-json': [ { data: [Object], xapPaths: [] } ],
  'text/x-type': 'branch',
  'text/x-other-object-json': {
    relationship: [],
    boundary: [],
    summary: [],
    sheetId: '870b64820698f12cdca4ab76e5'
  },
  xapInfoMap: {}
}
[I 2021-11-15T01:29:23.623Z snowbrush] db write {
  'text/plain': '04npm\r\n\tDay51-20201110\r\n05express\r\n\tDay52-20201111\r\n\tDay53-20201113\r\nTODAY',
  'text/x-array-json': [
    { data: [Object], xapPaths: [] },
    { data: [Object], xapPaths: [] },
    { data: [Object], xapPaths: [] }
  ],
  'text/x-type': 'branch',
  'text/x-other-object-json': {
    relationship: [],
    boundary: [],
    summary: [],
    sheetId: '870b64820698f12cdca4ab76e5'
  },
  xapInfoMap: {}
}
[I 2021-11-15T01:29:26.784Z snowbrush] db write {
  'text/plain': '05express\r\n\tDay52-20201111\r\n\tDay53-20201113\r\n04npm\r\n\tDay51-20201110',
  'text/x-array-json': [
    { data: [Object], xapPaths: [] },
    { data: [Object], xapPaths: [] }
  ],
  'text/x-type': 'branch',
  'text/x-other-object-json': {
    relationship: [],
    boundary: [],
    summary: [],
    sheetId: '870b64820698f12cdca4ab76e5'
  },
  xapInfoMap: {}
}
[I 2021-11-15T01:31:32.642Z snowbrush] Export image time: from 1636939892641 to 1636939892642.
[I 2021-11-15T01:34:06.301Z snowbrush] Export image time: from 1636940046301 to 1636940046301.
[I 2021-11-15T01:52:15.404Z snowbrush] Export image time: from 1636941135404 to 1636941135404.
[I 2021-11-15T01:54:58.717Z snowbrush] Export image time: from 1636941298717 to 1636941298717.
[I 2021-11-15T02:10:55.115Z main:store:plugins:activation-updater] Schedule refresh timeout(null).
[I 2021-11-15T02:10:55.125Z main:store:plugins:activation-updater] Schedule refresh timeout(null).
[I 2021-11-15T03:10:56.539Z main:store:plugins:activation-updater] Schedule refresh timeout(null).
[I 2021-11-15T03:10:56.539Z main:store:plugins:activation-updater] Schedule refresh timeout(null).
[I 2021-11-15T04:10:56.550Z main:store:plugins:activation-updater] Schedule refresh timeout(null).
[I 2021-11-15T04:10:56.558Z main:store:plugins:activation-updater] Schedule refresh timeout(null).
[I 2021-11-15T05:10:56.613Z main:store:plugins:activation-updater] Schedule refresh timeout(null).
[I 2021-11-15T05:10:56.623Z main:store:plugins:activation-updater] Schedule refresh timeout(null).
[I 2021-11-15T06:10:56.646Z main:store:plugins:activation-updater] Schedule refresh timeout(null).
[I 2021-11-15T06:10:56.646Z main:store:plugins:activation-updater] Schedule refresh timeout(null).
[I 2021-11-15T07:10:56.697Z main:store:plugins:activation-updater] Schedule refresh timeout(null).
[I 2021-11-15T07:10:56.697Z main:store:plugins:activation-updater] Schedule refresh timeout(null).
[I 2021-11-15T08:10:56.708Z main:store:plugins:activation-updater] Schedule refresh timeout(null).
[I 2021-11-15T08:10:56.708Z main:store:plugins:activation-updater] Schedule refresh timeout(null).
[I 2021-11-15T09:10:56.747Z main:store:plugins:activation-updater] Schedule refresh timeout(null).
[I 2021-11-15T09:10:56.747Z main:store:plugins:activation-updater] Schedule refresh timeout(null).
[I 2021-11-15T10:10:56.753Z main:store:plugins:activation-updater] Schedule refresh timeout(null).
[I 2021-11-15T10:10:56.753Z main:store:plugins:activation-updater] Schedule refresh timeout(null).
[I 2021-11-15T11:10:56.768Z main:store:plugins:activation-updater] Schedule refresh timeout(null).
[I 2021-11-15T11:10:56.777Z main:store:plugins:activation-updater] Schedule refresh timeout(null).
[I 2021-11-15T12:10:56.821Z main:store:plugins:activation-updater] Schedule refresh timeout(null).
[I 2021-11-15T12:10:56.830Z main:store:plugins:activation-updater] Schedule refresh timeout(null).
[I 2021-11-15T13:10:56.864Z main:store:plugins:activation-updater] Schedule refresh timeout(null).
[I 2021-11-15T13:10:56.864Z main:store:plugins:activation-updater] Schedule refresh timeout(null).
[I 2021-11-15T14:10:56.893Z main:store:plugins:activation-updater] Schedule refresh timeout(null).
[I 2021-11-15T14:10:56.894Z main:store:plugins:activation-updater] Schedule refresh timeout(null).
[I 2021-11-15T15:10:56.920Z main:store:plugins:activation-updater] Schedule refresh timeout(null).
[I 2021-11-15T15:10:56.920Z main:store:plugins:activation-updater] Schedule refresh timeout(null).
