[I 2021-06-22T16:36:11.431Z main:store:plugins:electron] Application receives arguments from another instance: ["xmind-2020"] /home/lucas
[I 2021-06-22T16:37:03.182Z snowbrush] Export image time: from 1624379823173 to 1624379823174.
[I 2021-06-22T16:39:52.431Z snowbrush] db write {
  'text/plain': '尚硅谷 MySQL 核心技术教程\r\n尚硅谷 JDBC 教程教程',
  'text/x-array-json': [
    { data: [Object], xapPaths: [] },
    { data: [Object], xapPaths: [] }
  ],
  'text/x-type': 'branch',
  'text/x-other-object-json': {
    relationship: [],
    boundary: [],
    summary: [],
    sheetId: '57ca766869e9e6f266830a8005'
  },
  xapInfoMap: {}
}
[I 2021-06-22T16:39:55.947Z snowbrush] Export image time: from 1624379995946 to 1624379995947.
[I 2021-06-22T16:46:10.256Z main:store:plugins:activation-updater] Schedule refresh timeout(null).
[I 2021-06-22T16:46:10.256Z main:store:plugins:activation-updater] Schedule refresh timeout(null).
[I 2021-06-22T17:11:12.953Z snowbrush] Export image time: from 1624381872953 to 1624381872953.
[I 2021-06-22T17:11:43.958Z snowbrush] Export image time: from 1624381903958 to 1624381903958.
[I 2021-06-22T17:19:35.762Z snowbrush] Export image time: from 1624382375754 to 1624382375754.
[I 2021-06-22T17:19:46.837Z snowbrush] Export image time: from 1624382386836 to 1624382386836.
[I 2021-06-22T17:21:14.801Z snowbrush] Export image time: from 1624382474801 to 1624382474801.
[I 2021-06-22T23:36:22.341Z main:store:plugins:activation-updater] Schedule refresh timeout(null).
[I 2021-06-22T23:36:22.343Z main:store:plugins:activation-updater] Schedule refresh timeout(null).
[I 2021-06-23T00:36:22.742Z main:store:plugins:activation-updater] Schedule refresh timeout(null).
[I 2021-06-23T00:36:22.750Z main:store:plugins:activation-updater] Schedule refresh timeout(null).
[I 2021-06-23T01:36:22.783Z main:store:plugins:activation-updater] Schedule refresh timeout(null).
[I 2021-06-23T01:36:22.792Z main:store:plugins:activation-updater] Schedule refresh timeout(null).
[I 2021-06-23T01:39:02.960Z main:store:plugins:editors:EditorFrame] Frame 1 close
[I 2021-06-23T01:39:03.008Z main:store:plugins:editors:EditorFrame] Not find editor view: undefined file:///opt/XMind/resources/app.asar/renderer/editor-frame.html?frameId=1&_apr=dark
[I 2021-06-23T01:39:03.139Z main:store:plugins:editors:EditorFrame] Frame 1 close
[I 2021-06-23T01:39:03.303Z main:store:plugins:electron] Application is intended to quit.
[I 2021-06-23T01:39:03.304Z main:store:plugins:electron] Asking all editors to close their documents...
[I 2021-06-23T01:39:03.350Z main:store:plugins:editors:EditorFrame] Frame 1 webContents destroyed
[I 2021-06-23T01:39:03.389Z main:store:plugins:electron] All documents are closed.
[I 2021-06-23T01:39:03.389Z main:store:plugins:activation-updater] Stop updating per-machine license information periodically.
[I 2021-06-23T01:39:03.390Z main:store:plugins:activation-updater] Stop updating subscription information periodically.
[I 2021-06-23T01:39:03.396Z main:store:plugins:electron] Application is intended to quit.
[I 2021-06-23T01:39:03.396Z main:store:plugins:electron] Application will quit.
[I 2021-06-23T01:39:03.396Z main:store:plugins:electron] Application quitted.

-------- SESSION 2021-06-23T03:10:22.146Z (10.3.1+202101132117, linux, x64, 16175779840, XMind Ltd., vana_linux_64) --------
[I 2021-06-23T03:10:22.257Z main:store:plugins:iap] The user is not allowed to make in-app purchase.
[I 2021-06-23T03:10:22.575Z main:store:plugins:electron] Application will finish launching.
[I 2021-06-23T03:10:22.576Z main:store:plugins:electron] Application arguments: ["/opt/XMind/xmind","/home/lucas/Downloads/BaidunetdiskDownloads/尚硅谷宋红康Java核心基础_好评如潮/资料/1_课件/第1部分：Java基础编程/尚硅谷_宋红康_第6章_面向对象编程(下)/学生面向对象总结-脑图/盛#男.xmind"]
[I 2021-06-23T03:10:22.586Z main:store:plugins:electron] Application is ready.
[I 2021-06-23T03:10:22.601Z main:store:plugins:open-handler] Recover: Map {}
[I 2021-06-23T03:10:22.608Z main:store:plugins:activation-updater] Start updating subscription information periodically.
[I 2021-06-23T03:10:22.608Z main:store:plugins:activation-updater] Schedule refresh timeout(60000).
[I 2021-06-23T03:10:22.609Z main:store:plugins:activation-updater] Start updating per-machine license information periodically.
[I 2021-06-23T03:10:22.609Z main:store:plugins:activation-updater] Schedule refresh timeout(60000).
[I 2021-06-23T03:10:22.612Z main:store:plugins:open-handler] Open: file:///home/lucas/Downloads/BaidunetdiskDownloads/%E5%B0%9A%E7%A1%85%E8%B0%B7%E5%AE%8B%E7%BA%A2%E5%BA%B7Java%E6%A0%B8%E5%BF%83%E5%9F%BA%E7%A1%80_%E5%A5%BD%E8%AF%84%E5%A6%82%E6%BD%AE/%E8%B5%84%E6%96%99/1_%E8%AF%BE%E4%BB%B6/%E7%AC%AC1%E9%83%A8%E5%88%86%EF%BC%9AJava%E5%9F%BA%E7%A1%80%E7%BC%96%E7%A8%8B/%E5%B0%9A%E7%A1%85%E8%B0%B7_%E5%AE%8B%E7%BA%A2%E5%BA%B7_%E7%AC%AC6%E7%AB%A0_%E9%9D%A2%E5%90%91%E5%AF%B9%E8%B1%A1%E7%BC%96%E7%A8%8B(%E4%B8%8B)/%E5%AD%A6%E7%94%9F%E9%9D%A2%E5%90%91%E5%AF%B9%E8%B1%A1%E6%80%BB%E7%BB%93-%E8%84%91%E5%9B%BE/%E7%9B%9B%23%E7%94%B7.xmind
[I 2021-06-23T03:10:22.827Z main:store:plugins:electron] Device ID: ec86dd13-2088-4f9e-b4bf-e50e4290bf31
[I 2021-06-23T03:11:12.112Z main:store:plugins:editors:EditorFrame] Frame 1 close
[I 2021-06-23T03:11:13.455Z main:store:plugins:editors:EditorFrame] Not find editor view: undefined file:///opt/XMind/resources/app.asar/renderer/editor-frame.html?frameId=1&_apr=dark
[I 2021-06-23T03:11:13.556Z main:store:plugins:editors:EditorFrame] Frame 1 close
[I 2021-06-23T03:11:13.745Z main:store:plugins:electron] Application is intended to quit.
[I 2021-06-23T03:11:13.745Z main:store:plugins:electron] Asking all editors to close their documents...
[I 2021-06-23T03:11:13.818Z main:store:plugins:editors:EditorFrame] Frame 1 webContents destroyed
[I 2021-06-23T03:11:13.852Z main:store:plugins:electron] All documents are closed.
[I 2021-06-23T03:11:13.852Z main:store:plugins:activation-updater] Stop updating per-machine license information periodically.
[I 2021-06-23T03:11:13.852Z main:store:plugins:activation-updater] Stop updating subscription information periodically.
[I 2021-06-23T03:11:13.860Z main:store:plugins:electron] Application is intended to quit.
[I 2021-06-23T03:11:13.860Z main:store:plugins:electron] Application will quit.
[I 2021-06-23T03:11:13.860Z main:store:plugins:electron] Application quitted.
