[I 2021-12-12T05:15:31.211Z main:store:plugins:activation-updater] Schedule refresh timeout(null).
[I 2021-12-12T05:15:31.226Z main:store:plugins:activation-updater] Schedule refresh timeout(null).
[I 2021-12-12T06:15:32.484Z main:store:plugins:activation-updater] Schedule refresh timeout(null).
[I 2021-12-12T06:15:32.493Z main:store:plugins:activation-updater] Schedule refresh timeout(null).
[I 2021-12-12T07:15:32.534Z main:store:plugins:activation-updater] Schedule refresh timeout(null).
[I 2021-12-12T07:15:32.534Z main:store:plugins:activation-updater] Schedule refresh timeout(null).
[I 2021-12-12T07:55:22.522Z snowbrush] db write {
  'text/plain': '11, Sat\r\n' +
    '\tRecords\r\n' +
    '\t\tAnki Review\r\n' +
    '\t\t\t01HTML+CSS (125 + 0 = 125)\r\n' +
    '\t\t\t\t183 old cards\r\n' +
    '\t\t\t\t15:00 to 15:35 (35 + 0 = 35)\r\n' +
    '\t\t\t\t15:35 to 15:45 (B 10 + 0 = 10)\r\n' +
    '\t\t\t\t\tPE\r\n' +
    '\t\t\t\t15:45 to 16:25 (40 + 35 = 75)\r\n' +
    '\t\t\t\t\t105 old cards left\r\n' +
    '\t\t\t\t16:25 to 17:50 (B 115 + 10 = 125)\r\n' +
    '\t\t\t\t\tDinner\r\n' +
    '\t\t\t\t17:50 to 18:20 (30 + 75 = 105)\r\n' +
    '\t\t\t\t\t50 old cards left\r\n' +
    '\t\t\t\t18:20 to 18:45 (B 25 + 125 = 150)\r\n' +
    '\t\t\t\t\tBreak\r\n' +
    '\t\t\t\t\tWash up\r\n' +
    '\t\t\t\t18:45 to 19:05 (20 + 105 = 125)\r\n' +
    '\t\t\t\t\tDone\r\n' +
    '\t\t\t\t19:05 to 19:20 (B 15 + 150 = 165)\r\n' +
    '\t\t\t\t\tBreak\r\n' +
    '\t\t\t02JavaScript\r\n' +
    '\t\t\t\t543 old cards\r\n' +
    '\t\t\t\t19:20 to 19:50 (30 + 125 = 155)\r\n' +
    '\t\t\t\t\t51 cards\r\n' +
    '\t\t\t\t\t492 left\r\n' +
    '\t\t\t\t19:50 to 20:05 (B 15 + 165 = 180)\r\n' +
    '\t\t\t\t20:05 to 20:35 (30 + 155 = 185)\r\n' +
    '\t\t\t\t\t83 cards\r\n' +
    '\t\t\t\t\t409 left\r\n' +
    '\t\t\t\t20:35 to 23:50\r\n' +
    '\t\t\t\t\tEntertainment\r\n' +
    '\t\t\t\t\t奖励时间\r\n' +
    '\t\t\t\t\t\t之后慢慢提高奖励的门槛\r\n' +
    '\t\t\t03PC+JS+jQuery+Bootstrap\r\n' +
    '\t\t\t\t177 old cards\r\n' +
    '\t\t\t04git+ES6+nodeJS+http+npm+express+mongoDB\r\n' +
    '\t\t\t\t181 old cards\r\n' +
    '\t\tLearning\r\n' +
    '\t\tPE\r\n' +
    '\t\t\tConvict Conditioning (>= 3 sets)\r\n' +
    '\t\t\t\tFull Pull-ups\r\n' +
    '\t\t\t\t\t3\r\n' +
    '\t\t\t\tFull Squats\r\n' +
    '\t\t\t\t\t8 + 8\r\n' +
    '\t\t\t\tFull Push-ups\r\n' +
    '\t\t\t\t\t6\r\n' +
    '\t\t\t\tFlat Full Leg Raises\r\n' +
    '\t\t\t\t\t10\r\n' +
    '\t\t\t\tWalking Down and Up Bridges\r\n' +
    '\t\t\t\t\t1\r\n' +
    '\t\tRituals\r\n' +
    '\t\t\tDinner\r\n' +
    '\t\t\t\t<= 1.5 hours\r\n' +
    '\t\t\t\t16:25 to 17:50 (115 minutes)\r\n' +
    '\t\t\tBrush your teeth after dinner\r\n' +
    '\t\t\t\tDone\r\n' +
    '\t\t\t美团优选\r\n' +
    '\t\t\t\t大宝\r\n' +
    '\t\t\t\t\tDone\r\n' +
    '\t\t\t\t小米椒\r\n' +
    '\t\t\tClean up your room\r\n' +
    '\t\t\t\tFloor\r\n' +
    '\t\t\tMake plans\r\n' +
    '\t\t\t\tTomorrow\r\n' +
    '\t\t\t\tSchedule\r\n' +
    '\t\t\tME\r\n' +
    '\t\t\t\tReflection\r\n' +
    '\t\t\t\tDiary\r\n' +
    '\t\t\tSleep before 0:00',
  'text/x-array-json': [ { data: [Object], xapPaths: [] } ],
  'text/x-type': 'branch',
  'text/x-other-object-json': {
    relationship: [],
    boundary: [],
    summary: [],
    sheetId: '88e95695d88963905151980128'
  },
  xapInfoMap: {}
}
[I 2021-12-12T07:55:57.072Z snowbrush] Export image time: from 1639295757071 to 1639295757072.
[I 2021-12-12T07:56:07.652Z snowbrush] Export image time: from 1639295767652 to 1639295767652.
[I 2021-12-12T07:56:17.037Z snowbrush] db write {
  'text/plain': '11, Sat (185 minutes, 3 hours)\r\n' +
    '\tRecords\r\n' +
    '\t\tAnki Review\r\n' +
    '\t\t\t01HTML+CSS (125 + 0 = 125)\r\n' +
    '\t\t\t\t183 old cards\r\n' +
    '\t\t\t\t15:00 to 15:35 (35 + 0 = 35)\r\n' +
    '\t\t\t\t15:35 to 15:45 (B 10 + 0 = 10)\r\n' +
    '\t\t\t\t\tPE\r\n' +
    '\t\t\t\t15:45 to 16:25 (40 + 35 = 75)\r\n' +
    '\t\t\t\t\t105 old cards left\r\n' +
    '\t\t\t\t16:25 to 17:50 (B 115 + 10 = 125)\r\n' +
    '\t\t\t\t\tDinner\r\n' +
    '\t\t\t\t17:50 to 18:20 (30 + 75 = 105)\r\n' +
    '\t\t\t\t\t50 old cards left\r\n' +
    '\t\t\t\t18:20 to 18:45 (B 25 + 125 = 150)\r\n' +
    '\t\t\t\t\tBreak\r\n' +
    '\t\t\t\t\tWash up\r\n' +
    '\t\t\t\t18:45 to 19:05 (20 + 105 = 125)\r\n' +
    '\t\t\t\t\tDone\r\n' +
    '\t\t\t\t19:05 to 19:20 (B 15 + 150 = 165)\r\n' +
    '\t\t\t\t\tBreak\r\n' +
    '\t\t\t02JavaScript (60 + 125 = 185)\r\n' +
    '\t\t\t\t543 old cards\r\n' +
    '\t\t\t\t19:20 to 19:50 (30 + 125 = 155)\r\n' +
    '\t\t\t\t\t51 cards\r\n' +
    '\t\t\t\t\t492 left\r\n' +
    '\t\t\t\t19:50 to 20:05 (B 15 + 165 = 180)\r\n' +
    '\t\t\t\t20:05 to 20:35 (30 + 155 = 185)\r\n' +
    '\t\t\t\t\t83 cards\r\n' +
    '\t\t\t\t\t409 left\r\n' +
    '\t\t\t\t20:35 to 23:50\r\n' +
    '\t\t\t\t\tEntertainment\r\n' +
    '\t\t\t\t\t奖励时间\r\n' +
    '\t\t\t\t\t\t之后慢慢提高奖励的门槛\r\n' +
    '\t\t\t03PC+JS+jQuery+Bootstrap\r\n' +
    '\t\t\t\t177 old cards\r\n' +
    '\t\t\t04git+ES6+nodeJS+http+npm+express+mongoDB\r\n' +
    '\t\t\t\t181 old cards\r\n' +
    '\t\tLearning\r\n' +
    '\t\tPE\r\n' +
    '\t\t\tConvict Conditioning (>= 3 sets)\r\n' +
    '\t\t\t\tFull Pull-ups\r\n' +
    '\t\t\t\t\t3\r\n' +
    '\t\t\t\tFull Squats\r\n' +
    '\t\t\t\t\t8 + 8\r\n' +
    '\t\t\t\tFull Push-ups\r\n' +
    '\t\t\t\t\t6\r\n' +
    '\t\t\t\tFlat Full Leg Raises\r\n' +
    '\t\t\t\t\t10\r\n' +
    '\t\t\t\tWalking Down and Up Bridges\r\n' +
    '\t\t\t\t\t1\r\n' +
    '\t\tRituals\r\n' +
    '\t\t\tDinner\r\n' +
    '\t\t\t\t<= 1.5 hours\r\n' +
    '\t\t\t\t16:25 to 17:50 (115 minutes)\r\n' +
    '\t\t\tBrush your teeth after dinner\r\n' +
    '\t\t\t\tDone\r\n' +
    '\t\t\t美团优选\r\n' +
    '\t\t\t\t大宝\r\n' +
    '\t\t\t\t\tDone\r\n' +
    '\t\t\t\t小米椒\r\n' +
    '\t\t\tClean up your room\r\n' +
    '\t\t\t\tFloor\r\n' +
    '\t\t\tMake plans\r\n' +
    '\t\t\t\tTomorrow\r\n' +
    '\t\t\t\tSchedule\r\n' +
    '\t\t\tME\r\n' +
    '\t\t\t\tReflection\r\n' +
    '\t\t\t\tDiary\r\n' +
    '\t\t\tSleep before 0:00',
  'text/x-array-json': [ { data: [Object], xapPaths: [] } ],
  'text/x-type': 'branch',
  'text/x-other-object-json': {
    relationship: [],
    boundary: [],
    summary: [],
    sheetId: '88e95695d88963905151980128'
  },
  xapInfoMap: {}
}
[I 2021-12-12T07:58:29.997Z snowbrush] null
[I 2021-12-12T07:58:38.946Z main:store:plugins:editors:EditorFrame] Frame 1 close
[I 2021-12-12T07:58:41.926Z main:store:plugins:editors:EditorView] User cancel closing editor
[I 2021-12-12T07:58:41.926Z main:store:plugins:editors:EditorFrame] User cancel closing on closing EditorFrame
[I 2021-12-12T07:58:42.927Z snowbrush] Export image time: from 1639295922926 to 1639295922927.
[I 2021-12-12T08:02:36.243Z snowbrush] db write {
  'text/plain': 'Convict Conditioning\r\n' +
    '\tFull Pull-ups\r\n' +
    '\t\t3\r\n' +
    '\tFull Squats\r\n' +
    '\t\t8 + 8\r\n' +
    '\tFull Push-ups\r\n' +
    '\t\t6\r\n' +
    '\tFlat Full Leg Raises\r\n' +
    '\t\t10\r\n' +
    '\tWalking Down and Up Bridges\r\n' +
    '\t\t1',
  'text/x-array-json': [ { data: [Object], xapPaths: [] } ],
  'text/x-type': 'branch',
  'text/x-other-object-json': {
    relationship: [],
    boundary: [],
    summary: [],
    sheetId: '88e95695d88963905151980128'
  },
  xapInfoMap: {}
}
[I 2021-12-12T08:02:42.192Z snowbrush] Export image time: from 1639296162191 to 1639296162192.
[I 2021-12-12T08:04:28.456Z snowbrush] Export image time: from 1639296268456 to 1639296268456.
[I 2021-12-12T08:04:31.920Z snowbrush] db write {
  'text/plain': 'MUST FINISH ALL OLD CARDS',
  'text/x-array-json': [ { data: [Object], xapPaths: [] } ],
  'text/x-type': 'branch',
  'text/x-other-object-json': {
    relationship: [],
    boundary: [],
    summary: [],
    sheetId: '88e95695d88963905151980128'
  },
  xapInfoMap: {}
}
[I 2021-12-12T08:04:47.077Z snowbrush] db write {
  'text/plain': 'MUST FINISH ALL OLD CARDS',
  'text/x-array-json': [ { data: [Object], xapPaths: [] } ],
  'text/x-type': 'branch',
  'text/x-other-object-json': {
    relationship: [],
    boundary: [],
    summary: [],
    sheetId: '88e95695d88963905151980128'
  },
  xapInfoMap: {}
}
[I 2021-12-12T08:04:56.033Z snowbrush] Export image time: from 1639296296033 to 1639296296033.
[I 2021-12-12T08:08:30.722Z snowbrush] db write {
  'text/plain': '以 30 分钟专注时间为界限，如果过了 30 分钟之后你还想这么做，那你就做吧。\r\n' +
    '手机不上床，一旦有放纵的欲望就将手机设置为专注模式。\r\n' +
    '电脑不要乱访问网页，一旦想访问就设置 block。',
  'text/x-array-json': [
    { data: [Object], xapPaths: [] },
    { data: [Object], xapPaths: [] },
    { data: [Object], xapPaths: [] }
  ],
  'text/x-type': 'branch',
  'text/x-other-object-json': {
    relationship: [],
    boundary: [],
    summary: [ [Object] ],
    sheetId: '0999a53b1779edcc976c38633e'
  },
  xapInfoMap: {}
}
[I 2021-12-12T08:08:51.057Z snowbrush] db write {
  'text/plain': '电脑不要乱访问网页，一旦想访问就设置 block。',
  'text/x-array-json': [ { data: [Object], xapPaths: [] } ],
  'text/x-type': 'branch',
  'text/x-other-object-json': {
    relationship: [],
    boundary: [],
    summary: [],
    sheetId: '0999a53b1779edcc976c38633e'
  },
  xapInfoMap: {}
}
[I 2021-12-12T08:08:53.219Z snowbrush] db write {
  'text/plain': '以 30 分钟专注时间为界限，如果过了 30 分钟之后你还想这么做，那你就做吧。\r\n' +
    '手机不上床，一旦有放纵的欲望就将手机设置为专注模式。\r\n' +
    '电脑不要乱访问网页，一旦想访问就设置 block。',
  'text/x-array-json': [
    { data: [Object], xapPaths: [] },
    { data: [Object], xapPaths: [] },
    { data: [Object], xapPaths: [] }
  ],
  'text/x-type': 'branch',
  'text/x-other-object-json': {
    relationship: [],
    boundary: [],
    summary: [ [Object] ],
    sheetId: '0999a53b1779edcc976c38633e'
  },
  xapInfoMap: {}
}
[I 2021-12-12T08:09:15.920Z snowbrush] Export image time: from 1639296555920 to 1639296555920.
[I 2021-12-12T08:09:46.128Z snowbrush] db write {
  'text/plain': '生活\r\n' +
    '\t每天朗读一遍纲领\r\n' +
    '\t君子慎独\r\n' +
    '\t\t无论什么时候，都以周围有国家领导人在看着你的态度学习、工作、生活。\r\n' +
    '\t手机不上床，一旦有放纵的欲望就将手机设置为专注模式。\r\n' +
    '\t电脑不要乱访问网页，一旦想访问就设置 block。\r\n' +
    '\t习惯\r\n' +
    '\t\t早上起来首先复习所有的 Anki 卡片\r\n' +
    '\t\t然后反思\r\n' +
    '\t\t\t反思昨日、总结、日记\r\n' +
    '\t\t坚持和突破\r\n' +
    '\t\t\t每日尽力突破昨日\r\n' +
    '\t\t\t相对于昨日，刻意练习，针对性突破\r\n' +
    '\t\t休息时间\r\n' +
    '\t\t\t要么睡觉\r\n' +
    '\t\t\t要么锻炼\r\n' +
    '\t\t\t要么打扫卫生\r\n' +
    '\t\t\t不允许干任何其它的事情\r\n' +
    '\t以 30 分钟专注时间为界限，如果过了 30 分钟之后你还想这么做，那你就做吧。',
  'text/x-array-json': [ { data: [Object], xapPaths: [] } ],
  'text/x-type': 'branch',
  'text/x-other-object-json': {
    relationship: [],
    boundary: [],
    summary: [],
    sheetId: '0999a53b1779edcc976c38633e'
  },
  xapInfoMap: {}
}
[I 2021-12-12T08:09:56.454Z snowbrush] db write {
  'text/plain': 'Rituals\r\n' +
    '\t手机不允许上床，22:00 之后将手机设为 3 小时的专注模式。\r\n' +
    '\t\t一旦乱碰手机，直接设置为专注模式。\r\n' +
    '\tDinner\r\n' +
    '\t\t<= 1 hour\r\n' +
    '\tBrush your teeth after dinner\r\n' +
    '\t美团优选\r\n' +
    '\t\tGet 大宝\r\n' +
    '\tClean up your room\r\n' +
    '\t\tFloor\r\n' +
    '\tMake plans\r\n' +
    '\t\tTomorrow\r\n' +
    '\t\tSchedule\r\n' +
    '\tME\r\n' +
    '\t\tReflection\r\n' +
    '\t\tDiary\r\n' +
    '\tSleep\r\n' +
    '\t\tMUST BEFORE 2:00\r\n' +
    '\tGet up\r\n' +
    '\t\tMUST BEFORE 9:00',
  'text/x-array-json': [ { data: [Object], xapPaths: [] } ],
  'text/x-type': 'branch',
  'text/x-other-object-json': {
    relationship: [],
    boundary: [],
    summary: [],
    sheetId: '88e95695d88963905151980128'
  },
  xapInfoMap: {}
}
[I 2021-12-12T08:15:32.575Z main:store:plugins:activation-updater] Schedule refresh timeout(null).
[I 2021-12-12T08:15:32.577Z main:store:plugins:activation-updater] Schedule refresh timeout(null).
[I 2021-12-12T09:06:53.162Z snowbrush] Export image time: from 1639300013154 to 1639300013154.
[E 2021-12-12T09:13:36.161Z error:editor] TypeError: t.destroy is not a function
    at click (file:///opt/XMind/resources/app.asar/renderer/editor.js:80:131831)
    at CallbacksRegistry.apply (electron/js2c/renderer_init.js:107:834)
    at electron/js2c/renderer_init.js:83:5623
    at electron/js2c/renderer_init.js:83:5332
    at EventEmitter.<anonymous> (electron/js2c/renderer_init.js:103:732)
    at EventEmitter.emit (events.js:315:20)
    at Object.onMessage (electron/js2c/renderer_init.js:91:925)
[E 2021-12-12T09:13:40.606Z error:editor] TypeError: t.destroy is not a function
    at click (file:///opt/XMind/resources/app.asar/renderer/editor.js:80:131831)
    at CallbacksRegistry.apply (electron/js2c/renderer_init.js:107:834)
    at electron/js2c/renderer_init.js:83:5623
    at electron/js2c/renderer_init.js:83:5332
    at EventEmitter.<anonymous> (electron/js2c/renderer_init.js:103:732)
    at EventEmitter.emit (events.js:315:20)
    at Object.onMessage (electron/js2c/renderer_init.js:91:925)
[E 2021-12-12T09:13:47.012Z error:editor] TypeError: t.destroy is not a function
    at click (file:///opt/XMind/resources/app.asar/renderer/editor.js:80:131653)
    at CallbacksRegistry.apply (electron/js2c/renderer_init.js:107:834)
    at electron/js2c/renderer_init.js:83:5623
    at electron/js2c/renderer_init.js:83:5332
    at EventEmitter.<anonymous> (electron/js2c/renderer_init.js:103:732)
    at EventEmitter.emit (events.js:315:20)
    at Object.onMessage (electron/js2c/renderer_init.js:91:925)
[I 2021-12-12T09:13:58.369Z snowbrush] Export image time: from 1639300438368 to 1639300438369.
[I 2021-12-12T09:15:32.590Z main:store:plugins:activation-updater] Schedule refresh timeout(null).
[I 2021-12-12T09:15:32.591Z main:store:plugins:activation-updater] Schedule refresh timeout(null).
[I 2021-12-12T09:50:57.259Z snowbrush] Export image time: from 1639302657259 to 1639302657259.
[I 2021-12-12T10:15:32.603Z main:store:plugins:activation-updater] Schedule refresh timeout(null).
[I 2021-12-12T10:15:32.603Z main:store:plugins:activation-updater] Schedule refresh timeout(null).
[I 2021-12-12T11:15:32.636Z main:store:plugins:activation-updater] Schedule refresh timeout(null).
[I 2021-12-12T11:15:32.638Z main:store:plugins:activation-updater] Schedule refresh timeout(null).
[I 2021-12-12T11:24:56.532Z snowbrush] Export image time: from 1639308296532 to 1639308296532.
[I 2021-12-12T11:26:00.598Z snowbrush] Export image time: from 1639308360598 to 1639308360598.
[I 2021-12-12T12:00:16.782Z snowbrush] Export image time: from 1639310416782 to 1639310416782.
[I 2021-12-12T12:15:32.666Z main:store:plugins:activation-updater] Schedule refresh timeout(null).
[I 2021-12-12T12:15:32.666Z main:store:plugins:activation-updater] Schedule refresh timeout(null).
[I 2021-12-12T12:26:30.983Z snowbrush] Export image time: from 1639311990982 to 1639311990983.
[I 2021-12-12T13:09:04.678Z snowbrush] Export image time: from 1639314544677 to 1639314544678.
[I 2021-12-12T13:15:32.688Z main:store:plugins:activation-updater] Schedule refresh timeout(null).
[I 2021-12-12T13:15:32.688Z main:store:plugins:activation-updater] Schedule refresh timeout(null).
[I 2021-12-12T14:12:47.944Z snowbrush] Export image time: from 1639318367944 to 1639318367944.
[I 2021-12-12T14:15:32.700Z main:store:plugins:activation-updater] Schedule refresh timeout(null).
[I 2021-12-12T14:15:32.701Z main:store:plugins:activation-updater] Schedule refresh timeout(null).
[I 2021-12-12T14:16:25.229Z snowbrush] Export image time: from 1639318585228 to 1639318585229.
[I 2021-12-12T14:16:27.242Z snowbrush] Export image time: from 1639318587242 to 1639318587242.
[I 2021-12-12T14:17:44.282Z snowbrush] Export image time: from 1639318664282 to 1639318664282.
[I 2021-12-12T14:25:22.206Z snowbrush] Export image time: from 1639319122205 to 1639319122206.
[I 2021-12-12T14:27:20.700Z snowbrush] db write {
  'text/plain': 'Hanging Straight Leg Raises\r\n' +
    '\t20\r\n' +
    '\tFlat Straight Leg Raises\r\n' +
    '\t\t20\r\n' +
    '\tHanging Knee Raises\r\n' +
    '\t\t20\r\n' +
    '\tHanging Bent Leg Raises\r\n' +
    '\t\t20',
  'text/x-array-json': [ { data: [Object], xapPaths: [] } ],
  'text/x-type': 'branch',
  'text/x-other-object-json': {
    relationship: [],
    boundary: [],
    summary: [],
    sheetId: '0999a53b1779edcc976c38633e'
  },
  xapInfoMap: {}
}
[I 2021-12-12T14:27:25.060Z snowbrush] db write {
  'text/plain': '20',
  'text/x-array-json': [ { data: [Object], xapPaths: [] } ],
  'text/x-type': 'branch',
  'text/x-other-object-json': {
    relationship: [],
    boundary: [],
    summary: [],
    sheetId: '0999a53b1779edcc976c38633e'
  },
  xapInfoMap: {}
}
[I 2021-12-12T14:27:26.785Z snowbrush] Export image time: from 1639319246784 to 1639319246785.
[I 2021-12-12T15:15:32.713Z main:store:plugins:activation-updater] Schedule refresh timeout(null).
[I 2021-12-12T15:15:32.715Z main:store:plugins:activation-updater] Schedule refresh timeout(null).
