
-------- SESSION 2021-07-27T00:35:44.195Z (10.3.1+202101132117, linux, x64, 16108658688, XMind Ltd., vana_linux_64) --------
[I 2021-07-27T00:35:44.348Z main:store:plugins:iap] The user is not allowed to make in-app purchase.
[I 2021-07-27T00:35:44.838Z main:store:plugins:electron] Application will finish launching.
[I 2021-07-27T00:35:44.840Z main:store:plugins:electron] Application arguments: ["/opt/XMind/xmind"]
[I 2021-07-27T00:35:44.862Z main:store:plugins:electron] Application is ready.
[I 2021-07-27T00:35:44.887Z main:store:plugins:open-handler] Recover: Map {
  '1' => [
    {
      source: 'file:///home/lucas/Documents/Records/Records.xmind',
      editorId: 'f9ba6fb9dc6b52d1b0e11b8c03'
    }
  ]
}
[I 2021-07-27T00:35:44.901Z main:store:plugins:activation-updater] Start updating subscription information periodically.
[I 2021-07-27T00:35:44.901Z main:store:plugins:activation-updater] Schedule refresh timeout(60000).
[I 2021-07-27T00:35:44.901Z main:store:plugins:activation-updater] Start updating per-machine license information periodically.
[I 2021-07-27T00:35:44.901Z main:store:plugins:activation-updater] Schedule refresh timeout(60000).
[I 2021-07-27T00:35:45.266Z main:store:plugins:electron] Device ID: ec86dd13-2088-4f9e-b4bf-e50e4290bf31
[I 2021-07-27T00:36:44.902Z main:store:plugins:activation-updater] Schedule refresh timeout(null).
[I 2021-07-27T00:36:44.906Z main:store:plugins:activation-updater] Schedule refresh timeout(null).
[I 2021-07-27T00:39:22.816Z snowbrush] Export image time: from 1627346362815 to 1627346362815.
[I 2021-07-27T00:40:44.637Z snowbrush] Export image time: from 1627346444637 to 1627346444637.
[I 2021-07-27T00:41:22.335Z snowbrush] Export image time: from 1627346482335 to 1627346482335.
[I 2021-07-27T00:41:34.284Z snowbrush] Export image time: from 1627346494283 to 1627346494284.
[I 2021-07-27T00:42:09.594Z snowbrush] Export image time: from 1627346529594 to 1627346529594.
[I 2021-07-27T00:42:32.694Z snowbrush] Export image time: from 1627346552694 to 1627346552694.
[I 2021-07-27T00:44:44.846Z snowbrush] Export image time: from 1627346684846 to 1627346684846.
[I 2021-07-27T00:44:57.984Z snowbrush] Export image time: from 1627346697984 to 1627346697984.
[I 2021-07-27T00:46:00.739Z snowbrush] Export image time: from 1627346760739 to 1627346760739.
[I 2021-07-27T00:46:33.618Z snowbrush] Export image time: from 1627346793617 to 1627346793618.
[I 2021-07-27T00:47:24.885Z snowbrush] Export image time: from 1627346844885 to 1627346844885.
[I 2021-07-27T00:50:55.883Z snowbrush] db write {
  'text/plain': 'PE\r\nBreak',
  'text/x-array-json': [
    { data: [Object], xapPaths: [] },
    { data: [Object], xapPaths: [] }
  ],
  'text/x-type': 'branch',
  'text/x-other-object-json': {
    relationship: [],
    boundary: [],
    summary: [],
    sheetId: '8d1adcb051882d554b955a4265'
  },
  xapInfoMap: {}
}
[I 2021-07-27T00:56:08.570Z snowbrush] Export image time: from 1627347368570 to 1627347368570.
[I 2021-07-27T00:56:12.564Z fonts] App Locale: en
[I 2021-07-27T00:56:12.565Z fonts] start get system fonts
[I 2021-07-27T00:56:14.090Z fonts] Consuming 1525 ms to get system fonts
[I 2021-07-27T00:56:17.716Z snowbrush] db write {
  'text/plain': 'Thoughts\r\n' +
    '\t我现在最想要的品质\r\n' +
    '\t\t专注、专注、还是专注\r\n' +
    '\t\t干一件事，就专注于一件事，心无旁骛\r\n' +
    '\tReflection\r\n' +
    '\t\t你擅长什么？你的优点是什么？\r\n' +
    '\t\t\t擅长于信息搜索\r\n' +
    '\t\t\t乐于盘根问底，弄清事实\r\n' +
    '\t\t\t自我觉悟高，总体上知道自己要做什么\r\n' +
    '\t\t\t\t追求更幸福\r\n' +
    '\t\t\t\t追求实现自我实现、自我突破、自我革命\r\n' +
    '\t\t\t坚持不断优化三观\r\n' +
    '\t\t\t\t目前对人生、社会的看法已经远超同辈人\r\n' +
    '\t\t是什么让你大二之前保持成功的？\r\n' +
    '\t\t\t其实并不算成功\r\n' +
    '\t\t\t在那之前也不过是跟随者大流，别人干什么，我也干什么\r\n' +
    '\t\t\t从未深层次地研究过自身和社会\r\n' +
    '\t\t\t非得说优点的话，那就是\r\n' +
    '\t\t\t\t坚持\r\n' +
    '\t\t\t\t心无旁骛\r\n' +
    '\t\t\t\t赤子之心\r\n' +
    '\t\t\t\t当时根本没想太多，直接干\r\n' +
    '\t\t你的缺点是什么？\r\n' +
    '\t\t\t不知从何时开始，变得很容易分心\r\n' +
    '\t\t\t学着学着就跑偏了，这里搜一下，那么搜一下\r\n' +
    '\t\t\t干着 A，去了解 B 了\r\n' +
    '\t\t\t三分钟热度，正好符合王超周期律\r\n' +
    '\t\t\t不够自信\r\n' +
    '\t\t\t不够坚持\r\n' +
    '\t你的潜力是无穷的，你并不比清华北大的人差。\n' +
    '你现在需要的是坚持、挑战、突破、自信。\r\n' +
    '\t\t考上清华北大需要\r\n' +
    '\t\t\t环境\r\n' +
    '\t\t\t教育资源\r\n' +
    '\t\t\t努力\r\n' +
    '\t\t\t天资\r\n' +
    '\t\t你足够努力，你的天赋其实还可以，但是缺乏良好的教育资源以及正确的方法，因此你没考上清华北大。\r\n' +
    '\t做事情要果断，不要优柔寡断、思绪过多\r\n' +
    '\t专注、专注、还是专注\n' +
    '再没有完全突破昨日的成果之前，不要转移注意力\n' +
    '\n' +
    '你每日首先的目标，就是突破昨日的自己。\n' +
    '突破了自己，再去想其它的事情。\r\n' +
    '\t\t一旦你想乱来了，看看自己过去的想法，理性的自己的想法。\r\n' +
    '\t\t我相信你可以做到一切。\n' +
    '你所需的就是坚持和时间。\r\n' +
    '\t\t国家有王朝周期律，“其兴也勃焉，其亡也忽焉”\n' +
    '\n' +
    '其实这个周期律也可以适用于人、集体、组织\r\n' +
    '\t\t\t黄炎培：\n' +
    '“我生六十多年，耳闻的不说，所亲眼看到的，真所谓‘其兴也勃焉’，‘其亡也忽焉’。\n' +
    '\n' +
    '一人，一家，一团体，一地方，乃至一国，不少单位都没有能跳出这周期律的支配力。\n' +
    '\n' +
    '大凡初时聚精会神，没有一事不用心，没有一人不卖力，也许那时艰难困苦，只有从万死中觅取一生。\n' +
    '既而环境渐渐好转了，精神也就渐渐放下了。有的因为历时长久，自然地惰性发作，由少数演为多数，到风气养成，虽有大力，无法扭转，并且无法补救。也有为了区域一步步扩大了，它的扩大，有的出于自然发展，有的为功业欲所驱使，强求发展，到干部人才渐见竭蹶，艰于应付的时候，环境倒越加复杂起来了。控制力不免趋于薄弱了。一部历史，‘政怠宦成’的也有，‘人亡政息’的也有，‘求荣取辱’的也有。总之没有能跳出这周期律。中共诸君从过去到现在，我略略了解的了。就是希望找出一条新路，来跳出这周期律的支配。”\r\n' +
    '\t\t如何跳出这个周期律？\r\n' +
    '\t\t\t自我突破\r\n' +
    '\t\t\t保持反思、总结、计划突破\r\n' +
    '\t\t\t脱离舒适圈\r\n' +
    '\t\t\t\t其实这和挑战既得利益者十分相似\r\n' +
    '\t\t\t自我革命\r\n' +
    '\t1 >>>>>>> 0\r\n' +
    '\t\t迈出第一步，突破自己\r\n' +
    '\t\t可以尝试使用五分钟法则\r\n' +
    '\t\t\t我就试试五分钟\r\n' +
    '\t\t\t我还能坚持五分钟\r\n' +
    '\t必须要做的事情\r\n' +
    '\t\t每日反思\r\n' +
    '\t\t\t每日洗漱之后开始执行\r\n' +
    '\t\t\t反思和总结昨日\n' +
    '展望和计划未来\r\n' +
    '\t\t\t这么多年的人生经历下来，我发现每日反思真的至关重要。\n' +
    '就像是重复性练习和刻意练习。前者只会增加或者防止降低熟练度，而后者会让你突破当前舒适区，创造出新的东西。\r\n' +
    '\t\t运动\r\n' +
    '\t\t\t运动带给你健康的身体\r\n' +
    '\t\t\t运动带给你自信\r\n' +
    '\t\t\t运动带来自律\r\n' +
    '\t\t复习\r\n' +
    '\t\t\t你至少要复习完之前学习的所有内容\r\n' +
    '\t2021-07-23，牢记这个日子，你重获了新生。\r\n' +
    '\t一切皆工具，只不过是用来实现目的的。\r\n' +
    '\t出国\r\n' +
    '\t\t明面上要韬光养晦，不要张扬，毕竟国内24小时无死角监控。\r\n' +
    '\t\t慢慢来，工作了之后立刻开始学习英语，准备雅思或者托福。\n' +
    '可以自学，也可以报班。\r\n' +
    '\t\t早日出国。',
  'text/x-array-json': [ { data: [Object], xapPaths: [] } ],
  'text/x-type': 'branch',
  'text/x-other-object-json': {
    relationship: [],
    boundary: [],
    summary: [],
    sheetId: '8d1adcb051882d554b955a4265'
  },
  xapInfoMap: {}
}
[I 2021-07-27T00:56:34.974Z snowbrush] db write {
  'text/plain': 'Thoughts\r\n' +
    '\t我现在最想要的品质\r\n' +
    '\t\t专注、专注、还是专注\r\n' +
    '\t\t干一件事，就专注于一件事，心无旁骛\r\n' +
    '\tReflection\r\n' +
    '\t\t你擅长什么？你的优点是什么？\r\n' +
    '\t\t\t擅长于信息搜索\r\n' +
    '\t\t\t乐于盘根问底，弄清事实\r\n' +
    '\t\t\t自我觉悟高，总体上知道自己要做什么\r\n' +
    '\t\t\t\t追求更幸福\r\n' +
    '\t\t\t\t追求实现自我实现、自我突破、自我革命\r\n' +
    '\t\t\t坚持不断优化三观\r\n' +
    '\t\t\t\t目前对人生、社会的看法已经远超同辈人\r\n' +
    '\t\t是什么让你大二之前保持成功的？\r\n' +
    '\t\t\t其实并不算成功\r\n' +
    '\t\t\t在那之前也不过是跟随者大流，别人干什么，我也干什么\r\n' +
    '\t\t\t从未深层次地研究过自身和社会\r\n' +
    '\t\t\t非得说优点的话，那就是\r\n' +
    '\t\t\t\t坚持\r\n' +
    '\t\t\t\t心无旁骛\r\n' +
    '\t\t\t\t赤子之心\r\n' +
    '\t\t\t\t当时根本没想太多，直接干\r\n' +
    '\t\t你的缺点是什么？\r\n' +
    '\t\t\t不知从何时开始，变得很容易分心\r\n' +
    '\t\t\t学着学着就跑偏了，这里搜一下，那么搜一下\r\n' +
    '\t\t\t干着 A，去了解 B 了\r\n' +
    '\t\t\t三分钟热度，正好符合王超周期律\r\n' +
    '\t\t\t不够自信\r\n' +
    '\t\t\t不够坚持\r\n' +
    '\t你的潜力是无穷的，你并不比清华北大的人差。\n' +
    '你现在需要的是坚持、挑战、突破、自信。\r\n' +
    '\t\t考上清华北大需要\r\n' +
    '\t\t\t环境\r\n' +
    '\t\t\t教育资源\r\n' +
    '\t\t\t努力\r\n' +
    '\t\t\t天资\r\n' +
    '\t\t你足够努力，你的天赋其实还可以，但是缺乏良好的教育资源以及正确的方法，因此你没考上清华北大。\r\n' +
    '\t做事情要果断，不要优柔寡断、思绪过多\r\n' +
    '\t专注、专注、还是专注\n' +
    '再没有完全突破昨日的成果之前，不要转移注意力\n' +
    '\n' +
    '你每日首先的目标，就是突破昨日的自己。\n' +
    '突破了自己，再去想其它的事情。\r\n' +
    '\t\t一旦你想乱来了，看看自己过去的想法，理性的自己的想法。\r\n' +
    '\t\t我相信你可以做到一切。\n' +
    '你所需的就是坚持和时间。\r\n' +
    '\t\t国家有王朝周期律，“其兴也勃焉，其亡也忽焉”\n' +
    '\n' +
    '其实这个周期律也可以适用于人、集体、组织\r\n' +
    '\t\t\t黄炎培：\n' +
    '“我生六十多年，耳闻的不说，所亲眼看到的，真所谓‘其兴也勃焉’，‘其亡也忽焉’。\n' +
    '\n' +
    '一人，一家，一团体，一地方，乃至一国，不少单位都没有能跳出这周期律的支配力。\n' +
    '\n' +
    '大凡初时聚精会神，没有一事不用心，没有一人不卖力，也许那时艰难困苦，只有从万死中觅取一生。\n' +
    '既而环境渐渐好转了，精神也就渐渐放下了。有的因为历时长久，自然地惰性发作，由少数演为多数，到风气养成，虽有大力，无法扭转，并且无法补救。也有为了区域一步步扩大了，它的扩大，有的出于自然发展，有的为功业欲所驱使，强求发展，到干部人才渐见竭蹶，艰于应付的时候，环境倒越加复杂起来了。控制力不免趋于薄弱了。一部历史，‘政怠宦成’的也有，‘人亡政息’的也有，‘求荣取辱’的也有。总之没有能跳出这周期律。中共诸君从过去到现在，我略略了解的了。就是希望找出一条新路，来跳出这周期律的支配。”\r\n' +
    '\t\t如何跳出这个周期律？\r\n' +
    '\t\t\t自我突破\r\n' +
    '\t\t\t保持反思、总结、计划突破\r\n' +
    '\t\t\t脱离舒适圈\r\n' +
    '\t\t\t\t其实这和挑战既得利益者十分相似\r\n' +
    '\t\t\t自我革命\r\n' +
    '\t1 >>>>>>> 0\r\n' +
    '\t\t迈出第一步，突破自己\r\n' +
    '\t\t可以尝试使用五分钟法则\r\n' +
    '\t\t\t我就试试五分钟\r\n' +
    '\t\t\t我还能坚持五分钟\r\n' +
    '\t必须要做的事情\r\n' +
    '\t\t每日反思\r\n' +
    '\t\t\t每日洗漱之后开始执行\r\n' +
    '\t\t\t反思和总结昨日\n' +
    '展望和计划未来\r\n' +
    '\t\t\t这么多年的人生经历下来，我发现每日反思真的至关重要。\n' +
    '就像是重复性练习和刻意练习。前者只会增加或者防止降低熟练度，而后者会让你突破当前舒适区，创造出新的东西。\r\n' +
    '\t\t运动\r\n' +
    '\t\t\t运动带给你健康的身体\r\n' +
    '\t\t\t运动带给你自信\r\n' +
    '\t\t\t运动带来自律\r\n' +
    '\t\t复习\r\n' +
    '\t\t\t你至少要复习完之前学习的所有内容\r\n' +
    '\t2021-07-23，牢记这个日子，你重获了新生。\r\n' +
    '\t一切皆工具，只不过是用来实现目的的。\r\n' +
    '\t出国\r\n' +
    '\t\t明面上要韬光养晦，不要张扬，毕竟国内24小时无死角监控。\r\n' +
    '\t\t慢慢来，工作了之后立刻开始学习英语，准备雅思或者托福。\n' +
    '可以自学，也可以报班。\r\n' +
    '\t\t早日出国。',
  'text/x-array-json': [ { data: [Object], xapPaths: [] } ],
  'text/x-type': 'branch',
  'text/x-other-object-json': {
    relationship: [],
    boundary: [],
    summary: [],
    sheetId: '73487fc5821944860ab06bc22d'
  },
  xapInfoMap: {}
}
[I 2021-07-27T00:57:21.112Z snowbrush] Export image time: from 1627347441112 to 1627347441112.
[I 2021-07-27T00:57:34.065Z snowbrush] Export image time: from 1627347454065 to 1627347454065.
[I 2021-07-27T00:57:42.265Z snowbrush] db write {
  'text/plain': 'Goals\r\n' +
    '\t今日最大目标\r\n' +
    '\t\t在没有突破昨日和前日之前，不要分心\r\n' +
    '\t\t在没有突破昨日和前日之前，不要分心\r\n' +
    '\t\t在没有突破昨日和前日之前，不要分心',
  'text/x-array-json': [ { data: [Object], xapPaths: [] } ],
  'text/x-type': 'branch',
  'text/x-other-object-json': {
    relationship: [],
    boundary: [],
    summary: [],
    sheetId: '8d1adcb051882d554b955a4265'
  },
  xapInfoMap: {}
}
[I 2021-07-27T00:57:43.991Z snowbrush] Export image time: from 1627347463991 to 1627347463991.
[I 2021-07-27T00:57:55.170Z snowbrush] Export image time: from 1627347475170 to 1627347475170.
[I 2021-07-27T00:58:22.698Z snowbrush] Export image time: from 1627347502697 to 1627347502698.
[I 2021-07-27T00:59:56.803Z snowbrush] db write {
  'text/plain': 'Review, Reflection, Plan',
  'text/x-array-json': [ { data: [Object], xapPaths: [] } ],
  'text/x-type': 'branch',
  'text/x-other-object-json': {
    relationship: [],
    boundary: [],
    summary: [],
    sheetId: '8d1adcb051882d554b955a4265'
  },
  xapInfoMap: {}
}
[I 2021-07-27T01:00:28.279Z snowbrush] Export image time: from 1627347628279 to 1627347628279.
[I 2021-07-27T01:00:36.821Z snowbrush] db write {
  'text/plain': 'Full pull-ups\r\n' +
    '\t5\r\n' +
    '\t5\r\n' +
    '\t5\r\n' +
    'Flat leg raises\r\n' +
    '\t15\r\n' +
    '\t15\r\n' +
    'Full push-ups\r\n' +
    '\t1\r\n' +
    'Full squats\r\n' +
    '\t1',
  'text/x-array-json': [
    { data: [Object], xapPaths: [] },
    { data: [Object], xapPaths: [] },
    { data: [Object], xapPaths: [] },
    { data: [Object], xapPaths: [] }
  ],
  'text/x-type': 'branch',
  'text/x-other-object-json': {
    relationship: [],
    boundary: [],
    summary: [],
    sheetId: '8d1adcb051882d554b955a4265'
  },
  xapInfoMap: {}
}
[I 2021-07-27T01:01:00.510Z snowbrush] db write {
  'text/plain': '5\r\n5\r\n5\r\n5\r\n5\r\n5',
  'text/x-array-json': [
    { data: [Object], xapPaths: [] },
    { data: [Object], xapPaths: [] },
    { data: [Object], xapPaths: [] },
    { data: [Object], xapPaths: [] },
    { data: [Object], xapPaths: [] },
    { data: [Object], xapPaths: [] }
  ],
  'text/x-type': 'branch',
  'text/x-other-object-json': {
    relationship: [],
    boundary: [],
    summary: [],
    sheetId: '8d1adcb051882d554b955a4265'
  },
  xapInfoMap: {}
}
[I 2021-07-27T01:01:05.999Z snowbrush] db write {
  'text/plain': '12',
  'text/x-array-json': [ { data: [Object], xapPaths: [] } ],
  'text/x-type': 'branch',
  'text/x-other-object-json': {
    relationship: [],
    boundary: [],
    summary: [],
    sheetId: '8d1adcb051882d554b955a4265'
  },
  xapInfoMap: {}
}
[I 2021-07-27T01:01:11.875Z snowbrush] db write {
  'text/plain': '10',
  'text/x-array-json': [ { data: [Object], xapPaths: [] } ],
  'text/x-type': 'branch',
  'text/x-other-object-json': {
    relationship: [],
    boundary: [],
    summary: [],
    sheetId: '8d1adcb051882d554b955a4265'
  },
  xapInfoMap: {}
}
[I 2021-07-27T01:01:14.683Z snowbrush] db write {
  'text/plain': '10\r\n10\r\n10',
  'text/x-array-json': [
    { data: [Object], xapPaths: [] },
    { data: [Object], xapPaths: [] },
    { data: [Object], xapPaths: [] }
  ],
  'text/x-type': 'branch',
  'text/x-other-object-json': {
    relationship: [],
    boundary: [],
    summary: [],
    sheetId: '8d1adcb051882d554b955a4265'
  },
  xapInfoMap: {}
}
[I 2021-07-27T01:01:18.391Z snowbrush] db write {
  'text/plain': '20',
  'text/x-array-json': [ { data: [Object], xapPaths: [] } ],
  'text/x-type': 'branch',
  'text/x-other-object-json': {
    relationship: [],
    boundary: [],
    summary: [],
    sheetId: '8d1adcb051882d554b955a4265'
  },
  xapInfoMap: {}
}
[I 2021-07-27T01:01:20.771Z snowbrush] db write {
  'text/plain': '20\r\n20\r\n20',
  'text/x-array-json': [
    { data: [Object], xapPaths: [] },
    { data: [Object], xapPaths: [] },
    { data: [Object], xapPaths: [] }
  ],
  'text/x-type': 'branch',
  'text/x-other-object-json': {
    relationship: [],
    boundary: [],
    summary: [],
    sheetId: '8d1adcb051882d554b955a4265'
  },
  xapInfoMap: {}
}
[I 2021-07-27T01:01:29.839Z snowbrush] Export image time: from 1627347689839 to 1627347689839.
[I 2021-07-27T01:02:09.827Z snowbrush] db write {
  'text/plain': 'Others + Linux + English',
  'text/x-array-json': [ { data: [Object], xapPaths: [] } ],
  'text/x-type': 'branch',
  'text/x-other-object-json': {
    relationship: [],
    boundary: [],
    summary: [],
    sheetId: '8d1adcb051882d554b955a4265'
  },
  xapInfoMap: {}
}
[I 2021-07-27T01:02:51.204Z snowbrush] Export image time: from 1627347771203 to 1627347771204.
[I 2021-07-27T01:08:16.597Z snowbrush] Export image time: from 1627348096597 to 1627348096597.
[I 2021-07-27T01:08:29.489Z snowbrush] Export image time: from 1627348109489 to 1627348109489.
[I 2021-07-27T01:08:43.403Z snowbrush] db write {
  'text/plain': '01第一阶段',
  'text/x-array-json': [ { data: [Object], xapPaths: [] } ],
  'text/x-type': 'branch',
  'text/x-other-object-json': {
    relationship: [],
    boundary: [],
    summary: [],
    sheetId: '8d1adcb051882d554b955a4265'
  },
  xapInfoMap: {}
}
[I 2021-07-27T01:09:51.569Z snowbrush] Export image time: from 1627348191569 to 1627348191569.
[I 2021-07-27T01:35:43.562Z snowbrush] Export image time: from 1627349743554 to 1627349743554.
[I 2021-07-27T01:36:46.076Z main:store:plugins:activation-updater] Schedule refresh timeout(null).
[I 2021-07-27T01:36:46.077Z main:store:plugins:activation-updater] Schedule refresh timeout(null).
[I 2021-07-27T01:52:39.798Z snowbrush] null
[I 2021-07-27T01:52:42.819Z snowbrush] db write {
  'text/plain': "['.Xauthority', '.Xresources', '.android', '.att_backups', '.bash_history', '.bash_logout', '.bash_profile', '.bashrc', '.bin', '.cache', '.config', '.conkyrc', '.dmrc', '.fehbg', '.gitconfig', '.git-credentials', '.gnome', '.goldendict', '.face', '.ipython', '.java', '.lesshst', '.local', '.m2', '.gtkrc-2.0', '.mozilla', '.npm', '.pki', '.pam_environment', '.screenrc', '.screenlayout', '.vim', '.sogouinput', '.viminfo', '.png', '.w3m', '.vscode', '.xinitrc', '.wget-hsts', '.xsession', '.vmware', '.xsessionrc', '.zcompdump-ArchLinux-5.8', '.python_history', '.zshrc', '.zsh_history', 'Codes', 'Documents', 'Downloads', 'Music', 'Pictures', 'ThunderNetwork', 'Videos', 'vmware']",
  'text/x-array-json': [ { data: [Object], xapPaths: [] } ],
  'text/x-type': 'branch',
  'text/x-other-object-json': {
    relationship: [],
    boundary: [],
    summary: [],
    sheetId: '8d1adcb051882d554b955a4265'
  },
  xapInfoMap: {}
}
[I 2021-07-27T01:59:31.637Z snowbrush] Export image time: from 1627351171629 to 1627351171629.
[I 2021-07-27T02:05:09.965Z snowbrush] Export image time: from 1627351509965 to 1627351509965.
[I 2021-07-27T02:05:12.543Z snowbrush] db write {
  'text/plain': 'Anki Review',
  'text/x-array-json': [ { data: [Object], xapPaths: [] } ],
  'text/x-type': 'branch',
  'text/x-other-object-json': {
    relationship: [],
    boundary: [],
    summary: [],
    sheetId: '8d1adcb051882d554b955a4265'
  },
  xapInfoMap: {}
}
[I 2021-07-27T02:05:15.238Z snowbrush] Export image time: from 1627351515238 to 1627351515238.
[I 2021-07-27T02:18:03.119Z snowbrush] Export image time: from 1627352283119 to 1627352283119.
[I 2021-07-27T02:18:29.333Z snowbrush] db write {
  'text/plain': 'TODO\r\n' +
    '\tME\r\n' +
    '\t\tReview, Reflection, Plan\r\n' +
    '\t\tPositive Psychology\r\n' +
    '\tPE\r\n' +
    '\t\tConvict Conditioning\r\n' +
    '\t\t\tFull pull-ups\r\n' +
    '\t\t\t\t5\r\n' +
    '\t\t\t\t5\r\n' +
    '\t\t\t\t5\r\n' +
    '\t\t\t\t5\r\n' +
    '\t\t\t\t5\r\n' +
    '\t\t\t\t5\r\n' +
    '\t\t\tFlat leg raises\r\n' +
    '\t\t\t\t12\r\n' +
    '\t\t\t\t12\r\n' +
    '\t\t\t\t12\r\n' +
    '\t\t\t\t12\r\n' +
    '\t\t\t\t12\r\n' +
    '\t\t\t\t12\r\n' +
    '\t\t\tFull push-ups\r\n' +
    '\t\t\t\t10\r\n' +
    '\t\t\t\t10\r\n' +
    '\t\t\t\t10\r\n' +
    '\t\t\t\t10\r\n' +
    '\t\t\t\t10\r\n' +
    '\t\t\t\t10\r\n' +
    '\t\t\tFull squats\r\n' +
    '\t\t\t\t20\r\n' +
    '\t\t\t\t20\r\n' +
    '\t\t\t\t20\r\n' +
    '\t\t\t\t20\r\n' +
    '\t\t\t\t20\r\n' +
    '\t\t\t\t20\r\n' +
    '\tLearn\r\n' +
    '\t\tAnki Review\r\n' +
    '\t\t\tOthers + Linux + English\r\n' +
    '\t\t\tAlgorithms\r\n' +
    '\t\t\tFront-end\r\n' +
    '\t\t\t\t01HTML\r\n' +
    '\t\t\t\t02CSS\r\n' +
    '\t\t\t\t03HTML5+CSS3\r\n' +
    '\t\tAlgorithms\r\n' +
    '\t\t\t2.3 Quicksort\r\n' +
    '\t\t\t\tduplicate keys\r\n' +
    '\t\t\t\tsystem sorts\r\n' +
    '\t\t\tNew problems\r\n' +
    '\t\t\t\thttps://leetcode.com/tag/stack/\r\n' +
    '\t\tFront-end\r\n' +
    '\t\t\t01第一阶段\r\n' +
    '\t\t\t\tTBD',
  'text/x-array-json': [ { data: [Object], xapPaths: [] } ],
  'text/x-type': 'branch',
  'text/x-other-object-json': {
    relationship: [],
    boundary: [],
    summary: [],
    sheetId: '8d1adcb051882d554b955a4265'
  },
  xapInfoMap: {}
}
[I 2021-07-27T02:18:32.791Z snowbrush] db write {
  'text/plain': 'Schedule\r\n' +
    '\t9:10 to 10:00\r\n' +
    '\t\tLearn\r\n' +
    '\t10:00 to 10:10\r\n' +
    '\t\tPE\r\n' +
    '\t\tBreak\r\n' +
    '\t10:10 to 11:00\r\n' +
    '\t\tLearn\r\n' +
    '\t11:00 to 12:00\r\n' +
    '\t\tLunch\r\n' +
    '\t\t搞快点，别浪费时间\r\n' +
    '\t12:00 to 12:30\r\n' +
    '\t\tWash up\r\n' +
    '\t\tBreak\r\n' +
    '\t12:30 to 13:20\r\n' +
    '\t\tLearn\r\n' +
    '\t13:20 to 13:30\r\n' +
    '\t\tPE\r\n' +
    '\t\tBreak\r\n' +
    '\t13:30 to 14:20\r\n' +
    '\t\tLearn\r\n' +
    '\t14:20 to 14:30\r\n' +
    '\t\tPE\r\n' +
    '\t\tBreak\r\n' +
    '\t14:30 to 15:20\r\n' +
    '\t\tLearn\r\n' +
    '\t15:20 to 15:30\r\n' +
    '\t\tPE\r\n' +
    '\t\tBreak\r\n' +
    '\t15:30 to 16:20\r\n' +
    '\t\tLearn\r\n' +
    '\t16:20 to 16:30\r\n' +
    '\t\tPE\r\n' +
    '\t\tBreak\r\n' +
    '\t16:30 to 17:20\r\n' +
    '\t\tLearn\r\n' +
    '\t17:20 to 18:20\r\n' +
    '\t\tDinner\r\n' +
    '\t\t搞快点，别浪费时间\r\n' +
    '\t18:20 to 19:00\r\n' +
    '\t\tWash up\r\n' +
    '\t\tBreak\r\n' +
    '\t\t收桂圆干\r\n' +
    '\t19:00 to 19:50\r\n' +
    '\t\tLearn\r\n' +
    '\t19:50 to 20:00\r\n' +
    '\t\t晚上了就别运动了\r\n' +
    '\t\tBreak\r\n' +
    '\t20:00 to 20:50\r\n' +
    '\t\tLearn\r\n' +
    '\t20:50 to 21:00\r\n' +
    '\t\tBreak\r\n' +
    '\t21:00 to 21:50\r\n' +
    '\t\tLearn\r\n' +
    '\t21:50 to 22:30\r\n' +
    '\t\tBreak\r\n' +
    '\t\t吃褪黑素\r\n' +
    '\t\t喝热牛奶\r\n' +
    '\t\tReflection, Review, Plan',
  'text/x-array-json': [ { data: [Object], xapPaths: [] } ],
  'text/x-type': 'branch',
  'text/x-other-object-json': {
    relationship: [],
    boundary: [],
    summary: [],
    sheetId: '8d1adcb051882d554b955a4265'
  },
  xapInfoMap: {}
}
[I 2021-07-27T02:19:01.187Z snowbrush] db write {
  'text/plain': '9',
  'text/x-array-json': [ { data: [Object], xapPaths: [] } ],
  'text/x-type': 'branch',
  'text/x-other-object-json': {
    relationship: [],
    boundary: [],
    summary: [],
    sheetId: '8d1adcb051882d554b955a4265'
  },
  xapInfoMap: {}
}
[I 2021-07-27T02:19:03.321Z snowbrush] Export image time: from 1627352343321 to 1627352343321.
[I 2021-07-27T02:19:08.733Z snowbrush] Export image time: from 1627352348732 to 1627352348733.
[I 2021-07-27T02:19:17.109Z snowbrush] db write {
  'text/plain': 'Algorithms\r\n' +
    '\t2.3 Quicksort\r\n' +
    '\t\tduplicate keys\r\n' +
    '\t\tsystem sorts\r\n' +
    '\tNew problems\r\n' +
    '\t\thttps://leetcode.com/tag/stack/',
  'text/x-array-json': [ { data: [Object], xapPaths: [] } ],
  'text/x-type': 'branch',
  'text/x-other-object-json': {
    relationship: [],
    boundary: [],
    summary: [],
    sheetId: '8d1adcb051882d554b955a4265'
  },
  xapInfoMap: {}
}
[I 2021-07-27T02:19:21.219Z snowbrush] Export image time: from 1627352361219 to 1627352361219.
[I 2021-07-27T02:36:46.079Z main:store:plugins:activation-updater] Schedule refresh timeout(null).
[I 2021-07-27T02:36:46.080Z main:store:plugins:activation-updater] Schedule refresh timeout(null).
[I 2021-07-27T03:07:29.557Z snowbrush] Export image time: from 1627355249557 to 1627355249557.
[I 2021-07-27T03:07:36.913Z snowbrush] Export image time: from 1627355256913 to 1627355256913.
[I 2021-07-27T03:10:50.656Z snowbrush] Export image time: from 1627355450656 to 1627355450656.
[I 2021-07-27T03:10:59.504Z snowbrush] Export image time: from 1627355459504 to 1627355459504.
[I 2021-07-27T03:36:46.134Z main:store:plugins:activation-updater] Schedule refresh timeout(null).
[I 2021-07-27T03:36:46.134Z main:store:plugins:activation-updater] Schedule refresh timeout(null).
[I 2021-07-27T04:36:46.153Z main:store:plugins:activation-updater] Schedule refresh timeout(null).
[I 2021-07-27T04:36:46.153Z main:store:plugins:activation-updater] Schedule refresh timeout(null).
[I 2021-07-27T04:39:32.898Z snowbrush] Export image time: from 1627360772898 to 1627360772898.
[I 2021-07-27T04:41:08.976Z snowbrush] db write {
  'text/plain': 'New problems\r\n\thttps://leetcode.com/tag/stack/',
  'text/x-array-json': [ { data: [Object], xapPaths: [] } ],
  'text/x-type': 'branch',
  'text/x-other-object-json': {
    relationship: [],
    boundary: [],
    summary: [],
    sheetId: '8d1adcb051882d554b955a4265'
  },
  xapInfoMap: {}
}
[I 2021-07-27T04:41:25.126Z snowbrush] db write {
  'text/plain': 'New problems\r\n\thttps://leetcode.com/tag/stack/',
  'text/x-array-json': [ { data: [Object], xapPaths: [] } ],
  'text/x-type': 'branch',
  'text/x-other-object-json': {
    relationship: [],
    boundary: [],
    summary: [],
    sheetId: '8d1adcb051882d554b955a4265'
  },
  xapInfoMap: {}
}
[I 2021-07-27T04:41:26.993Z snowbrush] Export image time: from 1627360886993 to 1627360886993.
[I 2021-07-27T04:49:54.877Z snowbrush] Export image time: from 1627361394877 to 1627361394877.
[I 2021-07-27T05:00:28.227Z snowbrush] Export image time: from 1627362028227 to 1627362028227.
[I 2021-07-27T05:29:53.824Z snowbrush] Export image time: from 1627363793816 to 1627363793816.
[I 2021-07-27T05:30:18.010Z snowbrush] Export image time: from 1627363818010 to 1627363818010.
[I 2021-07-27T05:30:50.063Z snowbrush] db write {
  'text/plain': 'Anki Review\r\n\tFront-end\r\n\t\t01HTML\r\n\t\t02CSS\r\n\t\t03HTML5+CSS3',
  'text/x-array-json': [ { data: [Object], xapPaths: [] } ],
  'text/x-type': 'branch',
  'text/x-other-object-json': {
    relationship: [],
    boundary: [],
    summary: [],
    sheetId: '8d1adcb051882d554b955a4265'
  },
  xapInfoMap: {}
}
[I 2021-07-27T05:31:58.496Z snowbrush] Export image time: from 1627363918496 to 1627363918496.
[I 2021-07-27T05:36:31.469Z snowbrush] db write {
  'text/plain': 'Front-end\r\n\t01第一阶段\r\n\t\tTBD',
  'text/x-array-json': [ { data: [Object], xapPaths: [] } ],
  'text/x-type': 'branch',
  'text/x-other-object-json': {
    relationship: [],
    boundary: [],
    summary: [],
    sheetId: '8d1adcb051882d554b955a4265'
  },
  xapInfoMap: {}
}
[I 2021-07-27T05:36:37.031Z snowbrush] Export image time: from 1627364197031 to 1627364197031.
[I 2021-07-27T05:36:46.159Z main:store:plugins:activation-updater] Schedule refresh timeout(null).
[I 2021-07-27T05:36:46.159Z main:store:plugins:activation-updater] Schedule refresh timeout(null).
[I 2021-07-27T06:16:19.822Z snowbrush] Export image time: from 1627366579814 to 1627366579814.
[I 2021-07-27T06:16:25.931Z snowbrush] Export image time: from 1627366585931 to 1627366585931.
[I 2021-07-27T06:36:46.205Z main:store:plugins:activation-updater] Schedule refresh timeout(null).
[I 2021-07-27T06:36:46.206Z main:store:plugins:activation-updater] Schedule refresh timeout(null).
[I 2021-07-27T06:56:27.529Z snowbrush] db write {
  'text/plain': 'Front-end\r\n\t01第一阶段',
  'text/x-array-json': [ { data: [Object], xapPaths: [] } ],
  'text/x-type': 'branch',
  'text/x-other-object-json': {
    relationship: [],
    boundary: [],
    summary: [],
    sheetId: '8d1adcb051882d554b955a4265'
  },
  xapInfoMap: {}
}
[I 2021-07-27T06:56:38.131Z snowbrush] Export image time: from 1627368998131 to 1627368998131.
[I 2021-07-27T07:20:44.444Z snowbrush] Export image time: from 1627370444444 to 1627370444444.
[I 2021-07-27T07:22:12.348Z snowbrush] Export image time: from 1627370532347 to 1627370532347.
[I 2021-07-27T07:30:39.139Z snowbrush] Export image time: from 1627371039136 to 1627371039136.
[I 2021-07-27T07:30:40.988Z snowbrush] db write {
  'text/plain': 'Front-end\r\n\t01第一阶段\r\n\t\tDay01',
  'text/x-array-json': [ { data: [Object], xapPaths: [] } ],
  'text/x-type': 'branch',
  'text/x-other-object-json': {
    relationship: [],
    boundary: [],
    summary: [],
    sheetId: '8d1adcb051882d554b955a4265'
  },
  xapInfoMap: {}
}
[I 2021-07-27T07:30:46.702Z snowbrush] Export image time: from 1627371046702 to 1627371046702.
[I 2021-07-27T07:36:46.228Z main:store:plugins:activation-updater] Schedule refresh timeout(null).
[I 2021-07-27T07:36:46.229Z main:store:plugins:activation-updater] Schedule refresh timeout(null).
[I 2021-07-27T08:21:58.356Z snowbrush] Export image time: from 1627374118350 to 1627374118350.
[I 2021-07-27T08:28:08.107Z snowbrush] db write {
  'text/plain': '今日最大目标\r\n\t在没有突破昨日和前日之前，不要分心\r\n\t在没有突破昨日和前日之前，不要分心\r\n\t在没有突破昨日和前日之前，不要分心',
  'text/x-array-json': [ { data: [Object], xapPaths: [] } ],
  'text/x-type': 'branch',
  'text/x-other-object-json': {
    relationship: [],
    boundary: [],
    summary: [],
    sheetId: '8d1adcb051882d554b955a4265'
  },
  xapInfoMap: {}
}
[I 2021-07-27T08:28:24.411Z snowbrush] Export image time: from 1627374504411 to 1627374504411.
[I 2021-07-27T08:36:46.268Z main:store:plugins:activation-updater] Schedule refresh timeout(null).
[I 2021-07-27T08:36:46.268Z main:store:plugins:activation-updater] Schedule refresh timeout(null).
[I 2021-07-27T09:11:21.384Z snowbrush] db write {
  'text/plain': 'Front-end\r\n\t01第一阶段\r\n\t\tDay 02',
  'text/x-array-json': [ { data: [Object], xapPaths: [] } ],
  'text/x-type': 'branch',
  'text/x-other-object-json': {
    relationship: [],
    boundary: [],
    summary: [],
    sheetId: '8d1adcb051882d554b955a4265'
  },
  xapInfoMap: {}
}
[I 2021-07-27T09:11:24.790Z snowbrush] Export image time: from 1627377084790 to 1627377084790.
[I 2021-07-27T09:36:46.308Z main:store:plugins:activation-updater] Schedule refresh timeout(null).
[I 2021-07-27T09:36:46.310Z main:store:plugins:activation-updater] Schedule refresh timeout(null).
[I 2021-07-27T10:36:46.325Z main:store:plugins:activation-updater] Schedule refresh timeout(null).
[I 2021-07-27T10:36:46.326Z main:store:plugins:activation-updater] Schedule refresh timeout(null).
[I 2021-07-27T11:36:46.359Z main:store:plugins:activation-updater] Schedule refresh timeout(null).
[I 2021-07-27T11:36:46.359Z main:store:plugins:activation-updater] Schedule refresh timeout(null).
[I 2021-07-27T12:36:46.390Z main:store:plugins:activation-updater] Schedule refresh timeout(null).
[I 2021-07-27T12:36:46.391Z main:store:plugins:activation-updater] Schedule refresh timeout(null).
[I 2021-07-27T13:36:46.394Z main:store:plugins:activation-updater] Schedule refresh timeout(null).
[I 2021-07-27T13:36:46.395Z main:store:plugins:activation-updater] Schedule refresh timeout(null).
[I 2021-07-27T14:36:46.419Z main:store:plugins:activation-updater] Schedule refresh timeout(null).
[I 2021-07-27T14:36:46.419Z main:store:plugins:activation-updater] Schedule refresh timeout(null).
[I 2021-07-27T14:58:56.501Z snowbrush] Export image time: from 1627397936501 to 1627397936501.
