=========================
FCITX 4.2.9.7 -- Get Signal No.: 6
Date: try "date -d @1624167991" if you are using GNU date ***
ProcessID: 64950
fcitx(+0x17d6)[0x561d04c1d7d6]
/usr/lib/libc.so.6(+0x3cda0)[0x7f6aab14cda0]
/usr/lib/libc.so.6(gsignal+0x142)[0x7f6aab14cd22]
/usr/lib/libc.so.6(abort+0x116)[0x7f6aab136862]
/usr/lib/libc.so.6(+0x7ed28)[0x7f6aab18ed28]
/usr/lib/libc.so.6(+0x8692a)[0x7f6aab19692a]
/usr/lib/libc.so.6(+0x88408)[0x7f6aab198408]
/usr/lib/libc.so.6(cfree+0x68)[0x7f6aab19b9e8]
/usr/lib/fcitx/fcitx-sogoupinyin.so(+0x346e4)[0x7f6aa6dd76e4]
/usr/lib/fcitx/fcitx-sogoupinyin.so(+0x34635)[0x7f6aa6dd7635]
/usr/lib/fcitx/fcitx-sogoupinyin.so(+0x34561)[0x7f6aa6dd7561]
/usr/lib/fcitx/fcitx-sogoupinyin.so(+0x3437e)[0x7f6aa6dd737e]
/usr/lib/fcitx/fcitx-sogoupinyin.so(+0x33e19)[0x7f6aa6dd6e19]
/usr/lib/fcitx/fcitx-sogoupinyin.so(+0x33df6)[0x7f6aa6dd6df6]
/usr/lib/fcitx/fcitx-sogoupinyin.so(+0x33df6)[0x7f6aa6dd6df6]
/usr/lib/fcitx/fcitx-sogoupinyin.so(+0x33df6)[0x7f6aa6dd6df6]
/usr/lib/fcitx/fcitx-sogoupinyin.so(+0x33df6)[0x7f6aa6dd6df6]
/usr/lib/fcitx/fcitx-sogoupinyin.so(+0x33df6)[0x7f6aa6dd6df6]
/usr/lib/fcitx/fcitx-sogoupinyin.so(+0x33ae2)[0x7f6aa6dd6ae2]
/usr/lib/fcitx/fcitx-sogoupinyin.so(+0x3476c)[0x7f6aa6dd776c]
/usr/lib/libc.so.6(+0x3f4a7)[0x7f6aab14f4a7]
/usr/lib/libc.so.6(+0x3f64e)[0x7f6aab14f64e]
/usr/lib/libX11.so.6(+0x437bf)[0x7f6aaa5f87bf]
/usr/lib/libX11.so.6(_XIOError+0x67)[0x7f6aaa5f8b37]
/usr/lib/libX11.so.6(_XReply+0x420)[0x7f6aaa5f69a0]
/usr/lib/libX11.so.6(XSync+0x4d)[0x7f6aaa5f1f1d]
/usr/lib/libX11.so.6(XCloseDisplay+0x7d)[0x7f6aaa5d31cd]
/usr/lib/fcitx/fcitx-sogoupinyin.so(+0x3710c)[0x7f6aa6dda10c]
/usr/lib/libfcitx-core.so.0(+0x9c97)[0x7f6aab333c97]
/usr/lib/libfcitx-core.so.0(FcitxInstanceRun+0x57)[0x7f6aab333db7]
fcitx(+0x113e)[0x561d04c1d13e]
/usr/lib/libc.so.6(__libc_start_main+0xd5)[0x7f6aab137b25]
